0 info it worked if it ends with ok
1 verbose cli [ '/usr/local/bin/node',
1 verbose cli   '/usr/local/bin/npm',
1 verbose cli   'start',
1 verbose cli   '-verbose' ]
2 info using npm@3.10.10
3 info using node@v6.11.4
4 verbose run-script [ 'prestart', 'start', 'poststart' ]
5 info lifecycle task@0.0.0~prestart: task@0.0.0
6 silly lifecycle task@0.0.0~prestart: no script for prestart, continuing
7 info lifecycle task@0.0.0~start: task@0.0.0
8 verbose lifecycle task@0.0.0~start: unsafe-perm in lifecycle true
9 verbose lifecycle task@0.0.0~start: PATH: /usr/local/lib/node_modules/npm/bin/node-gyp-bin:/Users/nada/Desktop/Bluemix/simpleTask/node_modules/.bin:/usr/bin:/bin:/usr/sbin:/sbin:/usr/local/bin
10 verbose lifecycle task@0.0.0~start: CWD: /Users/nada/Desktop/Bluemix/simpleTask
11 silly lifecycle task@0.0.0~start: Args: [ '-c', 'node ./bin/www' ]
12 silly lifecycle task@0.0.0~start: Returned: code: 1  signal: null
13 info lifecycle task@0.0.0~start: Failed to exec start script
14 verbose stack Error: task@0.0.0 start: `node ./bin/www`
14 verbose stack Exit status 1
14 verbose stack     at EventEmitter.<anonymous> (/usr/local/lib/node_modules/npm/lib/utils/lifecycle.js:255:16)
14 verbose stack     at emitTwo (events.js:106:13)
14 verbose stack     at EventEmitter.emit (events.js:191:7)
14 verbose stack     at ChildProcess.<anonymous> (/usr/local/lib/node_modules/npm/lib/utils/spawn.js:40:14)
14 verbose stack     at emitTwo (events.js:106:13)
14 verbose stack     at ChildProcess.emit (events.js:191:7)
14 verbose stack     at maybeClose (internal/child_process.js:920:16)
14 verbose stack     at Process.ChildProcess._handle.onexit (internal/child_process.js:230:5)
15 verbose pkgid task@0.0.0
16 verbose cwd /Users/nada/Desktop/Bluemix/simpleTask
17 error Darwin 17.0.0
18 error argv "/usr/local/bin/node" "/usr/local/bin/npm" "start" "-verbose"
19 error node v6.11.4
20 error npm  v3.10.10
21 error code ELIFECYCLE
22 error task@0.0.0 start: `node ./bin/www`
22 error Exit status 1
23 error Failed at the task@0.0.0 start script 'node ./bin/www'.
23 error Make sure you have the latest version of node.js and npm installed.
23 error If you do, this is most likely a problem with the task package,
23 error not with npm itself.
23 error Tell the author that this fails on your system:
23 error     node ./bin/www
23 error You can get information on how to open an issue for this project with:
23 error     npm bugs task
23 error Or if that isn't available, you can get their info via:
23 error     npm owner ls task
23 error There is likely additional logging output above.
24 verbose exit [ 1, true ]
